{"name":"hexo","hostname":"DESKTOP-SA0AT0G","pid":10764,"level":20,"msg":"Writing database to G:\\hexo/db.json","time":"2019-10-23T13:45:00.507Z","v":0}
{"name":"hexo","hostname":"DESKTOP-SA0AT0G","pid":10764,"level":20,"msg":"Hexo version: 4.0.0","time":"2019-10-23T13:45:00.520Z","v":0}
{"name":"hexo","hostname":"DESKTOP-SA0AT0G","pid":10764,"level":20,"msg":"Working directory: G:\\hexo\\","time":"2019-10-23T13:45:00.520Z","v":0}
{"name":"hexo","hostname":"DESKTOP-SA0AT0G","pid":10764,"level":20,"msg":"Config loaded: G:\\hexo\\_config.yml","time":"2019-10-23T13:45:00.628Z","v":0}
{"name":"hexo","hostname":"DESKTOP-SA0AT0G","pid":10764,"level":20,"msg":"Plugin loaded: hexo-deployer-git","time":"2019-10-23T13:45:00.651Z","v":0}
{"name":"hexo","hostname":"DESKTOP-SA0AT0G","pid":10764,"level":20,"msg":"Plugin loaded: hexo-generator-index","time":"2019-10-23T13:45:00.653Z","v":0}
{"name":"hexo","hostname":"DESKTOP-SA0AT0G","pid":10764,"level":20,"msg":"Plugin loaded: hexo-renderer-ejs","time":"2019-10-23T13:45:00.656Z","v":0}
{"name":"hexo","hostname":"DESKTOP-SA0AT0G","pid":10764,"level":20,"msg":"Plugin loaded: hexo-generator-tag","time":"2019-10-23T13:45:00.657Z","v":0}
{"name":"hexo","hostname":"DESKTOP-SA0AT0G","pid":10764,"level":20,"msg":"Plugin loaded: hexo-generator-archive","time":"2019-10-23T13:45:00.658Z","v":0}
{"name":"hexo","hostname":"DESKTOP-SA0AT0G","pid":10764,"level":20,"msg":"Plugin loaded: hexo-renderer-marked","time":"2019-10-23T13:45:00.687Z","v":0}
{"name":"hexo","hostname":"DESKTOP-SA0AT0G","pid":10764,"level":20,"msg":"Plugin loaded: hexo-generator-category","time":"2019-10-23T13:45:00.688Z","v":0}
{"name":"hexo","hostname":"DESKTOP-SA0AT0G","pid":10764,"level":20,"msg":"Plugin loaded: hexo-renderer-stylus","time":"2019-10-23T13:45:00.772Z","v":0}
{"name":"hexo","hostname":"DESKTOP-SA0AT0G","pid":10764,"level":20,"msg":"Plugin loaded: hexo-renderer-sass","time":"2019-10-23T13:45:00.792Z","v":0}
{"name":"hexo","hostname":"DESKTOP-SA0AT0G","pid":10764,"level":20,"msg":"Plugin loaded: hexo-server","time":"2019-10-23T13:45:00.859Z","v":0}
{"name":"hexo","hostname":"DESKTOP-SA0AT0G","pid":10764,"level":20,"msg":"Loading database.","time":"2019-10-23T13:45:00.869Z","v":0}
{"name":"hexo","hostname":"DESKTOP-SA0AT0G","pid":10764,"level":30,"msg":"Start processing","time":"2019-10-23T13:45:00.877Z","v":0}
{"name":"hexo","hostname":"DESKTOP-SA0AT0G","pid":10764,"level":20,"msg":"Processed: about/debug.log","time":"2019-10-23T13:45:00.912Z","v":0}
{"name":"hexo","hostname":"DESKTOP-SA0AT0G","pid":10764,"level":20,"msg":"Processed: source/style.scss","time":"2019-10-23T13:45:00.917Z","v":0}
{"name":"hexo","hostname":"DESKTOP-SA0AT0G","pid":10764,"level":20,"msg":"Processed: source/js/script.js","time":"2019-10-23T13:45:00.922Z","v":0}
{"name":"hexo","hostname":"DESKTOP-SA0AT0G","pid":10764,"level":20,"msg":"Theme config loaded.","time":"2019-10-23T13:45:00.926Z","v":0}
{"name":"hexo","hostname":"DESKTOP-SA0AT0G","pid":10764,"level":20,"msg":"Processed: _config.yml","time":"2019-10-23T13:45:00.927Z","v":0}
{"name":"hexo","hostname":"DESKTOP-SA0AT0G","pid":10764,"level":20,"msg":"Processed: source/lib/in-view.min.js","time":"2019-10-23T13:45:00.931Z","v":0}
{"name":"hexo","hostname":"DESKTOP-SA0AT0G","pid":10764,"level":20,"msg":"Processed: source/lib/jquery.fancybox.min.css","time":"2019-10-23T13:45:00.932Z","v":0}
{"name":"hexo","hostname":"DESKTOP-SA0AT0G","pid":10764,"level":20,"msg":"Processed: _posts/Linux-skills.md","time":"2019-10-23T13:45:00.944Z","v":0}
{"name":"hexo","hostname":"DESKTOP-SA0AT0G","pid":10764,"level":20,"msg":"Processed: _posts/hello-world.md","time":"2019-10-23T13:45:00.945Z","v":0}
{"name":"hexo","hostname":"DESKTOP-SA0AT0G","pid":10764,"level":20,"msg":"Processed: source/lib/lodash.min.js","time":"2019-10-23T13:45:00.945Z","v":0}
{"name":"hexo","hostname":"DESKTOP-SA0AT0G","pid":10764,"level":20,"msg":"Processed: source/lib/jquery.fancybox.min.js","time":"2019-10-23T13:45:00.945Z","v":0}
{"name":"hexo","hostname":"DESKTOP-SA0AT0G","pid":10764,"level":20,"msg":"Processed: layout/about.ejs","time":"2019-10-23T13:45:00.959Z","v":0}
{"name":"hexo","hostname":"DESKTOP-SA0AT0G","pid":10764,"level":20,"msg":"Processed: layout/index.ejs","time":"2019-10-23T13:45:00.959Z","v":0}
{"name":"hexo","hostname":"DESKTOP-SA0AT0G","pid":10764,"level":20,"msg":"Processed: layout/category.ejs","time":"2019-10-23T13:45:00.959Z","v":0}
{"name":"hexo","hostname":"DESKTOP-SA0AT0G","pid":10764,"level":20,"msg":"Processed: layout/archive.ejs","time":"2019-10-23T13:45:00.959Z","v":0}
{"name":"hexo","hostname":"DESKTOP-SA0AT0G","pid":10764,"level":20,"msg":"Processed: layout/post.ejs","time":"2019-10-23T13:45:00.959Z","v":0}
{"name":"hexo","hostname":"DESKTOP-SA0AT0G","pid":10764,"level":20,"msg":"Processed: layout/layout.ejs","time":"2019-10-23T13:45:00.959Z","v":0}
{"name":"hexo","hostname":"DESKTOP-SA0AT0G","pid":10764,"level":20,"msg":"Processed: layout/tags.ejs","time":"2019-10-23T13:45:00.959Z","v":0}
{"name":"hexo","hostname":"DESKTOP-SA0AT0G","pid":10764,"level":20,"msg":"Processed: tags/index.md","time":"2019-10-23T13:45:00.963Z","v":0}
{"name":"hexo","hostname":"DESKTOP-SA0AT0G","pid":10764,"level":20,"msg":"Processed: languages/de.yml","time":"2019-10-23T13:45:00.963Z","v":0}
{"name":"hexo","hostname":"DESKTOP-SA0AT0G","pid":10764,"level":20,"msg":"Processed: languages/fr.yml","time":"2019-10-23T13:45:00.963Z","v":0}
{"name":"hexo","hostname":"DESKTOP-SA0AT0G","pid":10764,"level":20,"msg":"Processed: languages/ja.yml","time":"2019-10-23T13:45:00.963Z","v":0}
{"name":"hexo","hostname":"DESKTOP-SA0AT0G","pid":10764,"level":20,"msg":"Processed: languages/es.yml","time":"2019-10-23T13:45:00.963Z","v":0}
{"name":"hexo","hostname":"DESKTOP-SA0AT0G","pid":10764,"level":20,"msg":"Processed: languages/no.yml","time":"2019-10-23T13:45:00.963Z","v":0}
{"name":"hexo","hostname":"DESKTOP-SA0AT0G","pid":10764,"level":20,"msg":"Processed: languages/default.yml","time":"2019-10-23T13:45:00.963Z","v":0}
{"name":"hexo","hostname":"DESKTOP-SA0AT0G","pid":10764,"level":20,"msg":"Processed: languages/nl.yml","time":"2019-10-23T13:45:00.963Z","v":0}
{"name":"hexo","hostname":"DESKTOP-SA0AT0G","pid":10764,"level":20,"msg":"Processed: languages/pt.yml","time":"2019-10-23T13:45:00.963Z","v":0}
{"name":"hexo","hostname":"DESKTOP-SA0AT0G","pid":10764,"level":20,"msg":"Processed: languages/ko.yml","time":"2019-10-23T13:45:00.963Z","v":0}
{"name":"hexo","hostname":"DESKTOP-SA0AT0G","pid":10764,"level":20,"msg":"Processed: languages/zh-CN.yml","time":"2019-10-23T13:45:00.964Z","v":0}
{"name":"hexo","hostname":"DESKTOP-SA0AT0G","pid":10764,"level":20,"msg":"Processed: languages/ru.yml","time":"2019-10-23T13:45:00.964Z","v":0}
{"name":"hexo","hostname":"DESKTOP-SA0AT0G","pid":10764,"level":20,"msg":"Processed: languages/zh-TW.yml","time":"2019-10-23T13:45:00.964Z","v":0}
{"name":"hexo","hostname":"DESKTOP-SA0AT0G","pid":10764,"level":20,"msg":"Processed: about/index.md","time":"2019-10-23T13:45:00.964Z","v":0}
{"name":"hexo","hostname":"DESKTOP-SA0AT0G","pid":10764,"level":20,"msg":"Processed: layout/_partial/top.ejs","time":"2019-10-23T13:45:00.970Z","v":0}
{"name":"hexo","hostname":"DESKTOP-SA0AT0G","pid":10764,"level":20,"msg":"Processed: layout/_partial/footer.ejs","time":"2019-10-23T13:45:00.973Z","v":0}
{"name":"hexo","hostname":"DESKTOP-SA0AT0G","pid":10764,"level":20,"msg":"Processed: layout/_partial/head.ejs","time":"2019-10-23T13:45:00.973Z","v":0}
{"name":"hexo","hostname":"DESKTOP-SA0AT0G","pid":10764,"level":20,"msg":"Processed: layout/_partial/categories.ejs","time":"2019-10-23T13:45:00.973Z","v":0}
{"name":"hexo","hostname":"DESKTOP-SA0AT0G","pid":10764,"level":20,"msg":"Processed: layout/_partial/paging.ejs","time":"2019-10-23T13:45:00.973Z","v":0}
{"name":"hexo","hostname":"DESKTOP-SA0AT0G","pid":10764,"level":20,"msg":"Processed: layout/_partial/header.ejs","time":"2019-10-23T13:45:00.973Z","v":0}
{"name":"hexo","hostname":"DESKTOP-SA0AT0G","pid":10764,"level":20,"msg":"Processed: layout/_partial/tag.ejs","time":"2019-10-23T13:45:00.973Z","v":0}
{"name":"hexo","hostname":"DESKTOP-SA0AT0G","pid":10764,"level":20,"msg":"Rendering post: G:\\hexo\\source\\_posts\\Linux-skills.md","time":"2019-10-23T13:45:01.045Z","v":0}
{"name":"hexo","hostname":"DESKTOP-SA0AT0G","pid":10764,"level":20,"msg":"Rendering post: G:\\hexo\\source\\_posts\\hello-world.md","time":"2019-10-23T13:45:01.045Z","v":0}
{"name":"hexo","hostname":"DESKTOP-SA0AT0G","pid":10764,"level":20,"msg":"Rendering post: G:\\hexo\\source\\tags\\index.md","time":"2019-10-23T13:45:01.046Z","v":0}
{"name":"hexo","hostname":"DESKTOP-SA0AT0G","pid":10764,"level":20,"msg":"Rendering post: G:\\hexo\\source\\about\\index.md","time":"2019-10-23T13:45:01.046Z","v":0}
{"name":"hexo","hostname":"DESKTOP-SA0AT0G","pid":10764,"level":20,"msg":"Generator: page","time":"2019-10-23T13:45:01.084Z","v":0}
{"name":"hexo","hostname":"DESKTOP-SA0AT0G","pid":10764,"level":20,"msg":"Generator: post","time":"2019-10-23T13:45:01.084Z","v":0}
{"name":"hexo","hostname":"DESKTOP-SA0AT0G","pid":10764,"level":20,"msg":"Generator: index","time":"2019-10-23T13:45:01.084Z","v":0}
{"name":"hexo","hostname":"DESKTOP-SA0AT0G","pid":10764,"level":20,"msg":"Generator: tag","time":"2019-10-23T13:45:01.084Z","v":0}
{"name":"hexo","hostname":"DESKTOP-SA0AT0G","pid":10764,"level":20,"msg":"Generator: archive","time":"2019-10-23T13:45:01.084Z","v":0}
{"name":"hexo","hostname":"DESKTOP-SA0AT0G","pid":10764,"level":20,"msg":"Generator: category","time":"2019-10-23T13:45:01.084Z","v":0}
{"name":"hexo","hostname":"DESKTOP-SA0AT0G","pid":10764,"level":20,"msg":"Generator: asset","time":"2019-10-23T13:45:01.085Z","v":0}
{"name":"hexo","hostname":"DESKTOP-SA0AT0G","pid":10764,"level":30,"msg":"Hexo is running at http://localhost:4000 . Press Ctrl+C to stop.","time":"2019-10-23T13:45:01.091Z","v":0}
{"name":"hexo","hostname":"DESKTOP-SA0AT0G","pid":10764,"level":20,"msg":"Database saved","time":"2019-10-23T13:45:01.095Z","v":0}
{"name":"hexo","hostname":"DESKTOP-SA0AT0G","pid":10764,"level":20,"msg":"Rendering HTML index: index.html","time":"2019-10-23T13:45:06.159Z","v":0}
{"name":"hexo","hostname":"DESKTOP-SA0AT0G","pid":10764,"level":20,"msg":"Rendering HTML post: about/index.html","time":"2019-10-23T13:45:08.738Z","v":0}
{"name":"hexo","hostname":"DESKTOP-SA0AT0G","pid":10764,"level":20,"msg":"Rendering HTML archive: archives/index.html","time":"2019-10-23T13:45:27.138Z","v":0}
{"name":"hexo","hostname":"DESKTOP-SA0AT0G","pid":10764,"level":20,"msg":"Rendering HTML post: tags/index.html","time":"2019-10-23T13:45:28.719Z","v":0}
{"name":"hexo","hostname":"DESKTOP-SA0AT0G","pid":10764,"level":30,"msg":"Bye!","time":"2019-10-23T13:46:15.215Z","v":0}
{"name":"hexo","hostname":"DESKTOP-SA0AT0G","pid":10764,"level":20,"msg":"Database saved","time":"2019-10-23T13:46:15.222Z","v":0}
